Info: Generated by version: 19.2 build 57
Info: Starting: Create block symbol file (.bsf)
Info: qsys-generate /home/u52099/PAC_card_A10/test_bram/test_bram/bram_ip_test/ip/bram/bram_ram_1port_0.ip --block-symbol-file --output-directory=/home/u52099/PAC_card_A10/test_bram/test_bram/bram_ip_test/ip/bram/bram_ram_1port_0 --family="Arria 10" --part=10AX115N2F40E2LG
: bram_ram_1port_0.ram_1port_0: Targeting device family: Arria 10.
: bram_ram_1port_0.ram_1port_0: Performance Optimization: Timing/Power Optimization feature is not supported for Arria 10.
Info: qsys-generate succeeded.
Info: Finished: Create block symbol file (.bsf)
Info: 
Info: Starting: Create HDL design files for synthesis
Info: qsys-generate /home/u52099/PAC_card_A10/test_bram/test_bram/bram_ip_test/ip/bram/bram_ram_1port_0.ip --synthesis=VERILOG --output-directory=/home/u52099/PAC_card_A10/test_bram/test_bram/bram_ip_test/ip/bram/bram_ram_1port_0 --family="Arria 10" --part=10AX115N2F40E2LG
: bram_ram_1port_0.ram_1port_0: Targeting device family: Arria 10.
: bram_ram_1port_0.ram_1port_0: Performance Optimization: Timing/Power Optimization feature is not supported for Arria 10.
Info: bram_ram_1port_0: "Transforming system: bram_ram_1port_0"
Info: bram_ram_1port_0: "Naming system components in system: bram_ram_1port_0"
Info: bram_ram_1port_0: "Processing generation queue"
Info: bram_ram_1port_0: "Generating: bram_ram_1port_0"
Info: bram_ram_1port_0: "Generating: bram_ram_1port_0_ram_1port_191_6ezkfpa"
Info: bram_ram_1port_0: Done "bram_ram_1port_0" with 2 modules, 2 files
Info: qsys-generate succeeded.
Info: Finished: Create HDL design files for synthesis
